[ 2016-10-29T20:06:25+08:00 ] ::1 /shop1/
INFO: [ app_init ] --START--
INFO: Run Behavior\BuildLiteBehavior [ RunTime:0.000000s ]
INFO: [ app_init ] --END-- [ RunTime:0.001000s ]
INFO: [ app_begin ] --START--
INFO: Run Behavior\ReadHtmlCacheBehavior [ RunTime:0.002001s ]
INFO: [ app_begin ] --END-- [ RunTime:0.002001s ]
SQL: SHOW COLUMNS FROM `cat` [ RunTime:0.0110s ]
SQL: SELECT * FROM `cat`  [ RunTime:0.0000s ]
SQL: SHOW COLUMNS FROM `goods` [ RunTime:0.0110s ]
SQL: SELECT * FROM `goods` WHERE ( is_hot ) ORDER BY goods_id desc LIMIT 4   [ RunTime:0.0020s ]
SQL: SELECT * FROM `goods` WHERE ( is_best ) ORDER BY click_count desc LIMIT 4   [ RunTime:0.0010s ]
SQL: SELECT * FROM `goods` WHERE ( is_on_sale ) ORDER BY click_count desc LIMIT 7   [ RunTime:0.0010s ]
INFO: [ view_parse ] --START--
INFO: [ template_filter ] --START--
INFO: Run Behavior\ContentReplaceBehavior [ RunTime:0.000000s ]
INFO: [ template_filter ] --END-- [ RunTime:0.000000s ]
NOTIC: [8] Use of undefined constant parent_id - assumed 'parent_id' D:\phpStudy\WWW\shop1\Runtime\Cache\Home\87c0f88ad6ceebdbd5730535b5565365.php 第 83 行.
NOTIC: [8] Use of undefined constant parent_id - assumed 'parent_id' D:\phpStudy\WWW\shop1\Runtime\Cache\Home\87c0f88ad6ceebdbd5730535b5565365.php 第 83 行.
NOTIC: [8] Use of undefined constant parent_id - assumed 'parent_id' D:\phpStudy\WWW\shop1\Runtime\Cache\Home\87c0f88ad6ceebdbd5730535b5565365.php 第 83 行.
NOTIC: [8] Use of undefined constant parent_id - assumed 'parent_id' D:\phpStudy\WWW\shop1\Runtime\Cache\Home\87c0f88ad6ceebdbd5730535b5565365.php 第 83 行.
NOTIC: [8] Use of undefined constant parent_id - assumed 'parent_id' D:\phpStudy\WWW\shop1\Runtime\Cache\Home\87c0f88ad6ceebdbd5730535b5565365.php 第 83 行.
NOTIC: [8] Use of undefined constant parent_id - assumed 'parent_id' D:\phpStudy\WWW\shop1\Runtime\Cache\Home\87c0f88ad6ceebdbd5730535b5565365.php 第 83 行.
NOTIC: [8] Use of undefined constant parent_id - assumed 'parent_id' D:\phpStudy\WWW\shop1\Runtime\Cache\Home\87c0f88ad6ceebdbd5730535b5565365.php 第 83 行.
NOTIC: [8] Use of undefined constant parent_id - assumed 'parent_id' D:\phpStudy\WWW\shop1\Runtime\Cache\Home\87c0f88ad6ceebdbd5730535b5565365.php 第 83 行.
NOTIC: [8] Use of undefined constant parent_id - assumed 'parent_id' D:\phpStudy\WWW\shop1\Runtime\Cache\Home\87c0f88ad6ceebdbd5730535b5565365.php 第 83 行.
NOTIC: [8] Use of undefined constant parent_id - assumed 'parent_id' D:\phpStudy\WWW\shop1\Runtime\Cache\Home\87c0f88ad6ceebdbd5730535b5565365.php 第 83 行.
NOTIC: [8] Use of undefined constant parent_id - assumed 'parent_id' D:\phpStudy\WWW\shop1\Runtime\Cache\Home\87c0f88ad6ceebdbd5730535b5565365.php 第 83 行.
NOTIC: [8] Use of undefined constant parent_id - assumed 'parent_id' D:\phpStudy\WWW\shop1\Runtime\Cache\Home\87c0f88ad6ceebdbd5730535b5565365.php 第 83 行.
NOTIC: [8] Use of undefined constant parent_id - assumed 'parent_id' D:\phpStudy\WWW\shop1\Runtime\Cache\Home\87c0f88ad6ceebdbd5730535b5565365.php 第 83 行.
NOTIC: [8] Use of undefined constant parent_id - assumed 'parent_id' D:\phpStudy\WWW\shop1\Runtime\Cache\Home\87c0f88ad6ceebdbd5730535b5565365.php 第 83 行.
NOTIC: [8] Use of undefined constant parent_id - assumed 'parent_id' D:\phpStudy\WWW\shop1\Runtime\Cache\Home\87c0f88ad6ceebdbd5730535b5565365.php 第 83 行.
INFO: Run Behavior\ParseTemplateBehavior [ RunTime:0.040002s ]
INFO: [ view_parse ] --END-- [ RunTime:0.040002s ]
INFO: [ view_filter ] --START--
INFO: Run Behavior\WriteHtmlCacheBehavior [ RunTime:0.001000s ]
INFO: [ view_filter ] --END-- [ RunTime:0.001000s ]
INFO: [ app_end ] --START--
INFO: Run Behavior\ShowPageTraceBehavior [ RunTime:0.001000s ]
INFO: [ app_end ] --END-- [ RunTime:0.002000s ]

