[ 2016-11-11T23:42:46+08:00 ] 127.0.0.1 /
INFO: [ app_init ] --START--
INFO: Run Behavior\BuildLiteBehavior [ RunTime:0.000000s ]
INFO: [ app_init ] --END-- [ RunTime:0.001000s ]
INFO: [ app_begin ] --START--
INFO: Run Behavior\ReadHtmlCacheBehavior [ RunTime:0.001000s ]
INFO: [ app_begin ] --END-- [ RunTime:0.001000s ]
SQL: SHOW COLUMNS FROM `cat` [ RunTime:0.0150s ]
SQL: SELECT * FROM `cat`  [ RunTime:0.0010s ]
SQL: SHOW COLUMNS FROM `goods` [ RunTime:0.0150s ]
SQL: SELECT * FROM `goods` WHERE ( is_hot ) ORDER BY goods_id desc LIMIT 4   [ RunTime:0.0020s ]
SQL: SELECT * FROM `goods` WHERE ( is_best ) ORDER BY click_count desc LIMIT 4   [ RunTime:0.0010s ]
SQL: SELECT * FROM `goods` WHERE ( is_on_sale ) ORDER BY click_count desc LIMIT 7   [ RunTime:0.0010s ]
INFO: [ view_parse ] --START--
INFO: [ template_filter ] --START--
INFO: Run Behavior\ContentReplaceBehavior [ RunTime:0.001000s ]
INFO: [ template_filter ] --END-- [ RunTime:0.001000s ]
NOTIC: [8] Use of undefined constant parent_id - assumed 'parent_id' D:\phpStudy\WWW\shop\Runtime\Cache\Home\53b5a84b0e026243ce0240130ce8150b.php 第 83 行.
NOTIC: [8] Use of undefined constant parent_id - assumed 'parent_id' D:\phpStudy\WWW\shop\Runtime\Cache\Home\53b5a84b0e026243ce0240130ce8150b.php 第 83 行.
NOTIC: [8] Use of undefined constant parent_id - assumed 'parent_id' D:\phpStudy\WWW\shop\Runtime\Cache\Home\53b5a84b0e026243ce0240130ce8150b.php 第 83 行.
NOTIC: [8] Use of undefined constant parent_id - assumed 'parent_id' D:\phpStudy\WWW\shop\Runtime\Cache\Home\53b5a84b0e026243ce0240130ce8150b.php 第 83 行.
NOTIC: [8] Use of undefined constant parent_id - assumed 'parent_id' D:\phpStudy\WWW\shop\Runtime\Cache\Home\53b5a84b0e026243ce0240130ce8150b.php 第 83 行.
NOTIC: [8] Use of undefined constant parent_id - assumed 'parent_id' D:\phpStudy\WWW\shop\Runtime\Cache\Home\53b5a84b0e026243ce0240130ce8150b.php 第 83 行.
NOTIC: [8] Use of undefined constant parent_id - assumed 'parent_id' D:\phpStudy\WWW\shop\Runtime\Cache\Home\53b5a84b0e026243ce0240130ce8150b.php 第 83 行.
NOTIC: [8] Use of undefined constant parent_id - assumed 'parent_id' D:\phpStudy\WWW\shop\Runtime\Cache\Home\53b5a84b0e026243ce0240130ce8150b.php 第 83 行.
NOTIC: [8] Use of undefined constant parent_id - assumed 'parent_id' D:\phpStudy\WWW\shop\Runtime\Cache\Home\53b5a84b0e026243ce0240130ce8150b.php 第 83 行.
NOTIC: [8] Use of undefined constant parent_id - assumed 'parent_id' D:\phpStudy\WWW\shop\Runtime\Cache\Home\53b5a84b0e026243ce0240130ce8150b.php 第 83 行.
NOTIC: [8] Use of undefined constant parent_id - assumed 'parent_id' D:\phpStudy\WWW\shop\Runtime\Cache\Home\53b5a84b0e026243ce0240130ce8150b.php 第 83 行.
NOTIC: [8] Use of undefined constant parent_id - assumed 'parent_id' D:\phpStudy\WWW\shop\Runtime\Cache\Home\53b5a84b0e026243ce0240130ce8150b.php 第 83 行.
NOTIC: [8] Use of undefined constant parent_id - assumed 'parent_id' D:\phpStudy\WWW\shop\Runtime\Cache\Home\53b5a84b0e026243ce0240130ce8150b.php 第 83 行.
NOTIC: [8] Use of undefined constant parent_id - assumed 'parent_id' D:\phpStudy\WWW\shop\Runtime\Cache\Home\53b5a84b0e026243ce0240130ce8150b.php 第 83 行.
NOTIC: [8] Use of undefined constant parent_id - assumed 'parent_id' D:\phpStudy\WWW\shop\Runtime\Cache\Home\53b5a84b0e026243ce0240130ce8150b.php 第 83 行.
NOTIC: [8] Use of undefined constant parent_id - assumed 'parent_id' D:\phpStudy\WWW\shop\Runtime\Cache\Home\53b5a84b0e026243ce0240130ce8150b.php 第 83 行.
NOTIC: [8] Use of undefined constant parent_id - assumed 'parent_id' D:\phpStudy\WWW\shop\Runtime\Cache\Home\53b5a84b0e026243ce0240130ce8150b.php 第 83 行.
NOTIC: [8] Use of undefined constant parent_id - assumed 'parent_id' D:\phpStudy\WWW\shop\Runtime\Cache\Home\53b5a84b0e026243ce0240130ce8150b.php 第 83 行.
NOTIC: [8] Use of undefined constant parent_id - assumed 'parent_id' D:\phpStudy\WWW\shop\Runtime\Cache\Home\53b5a84b0e026243ce0240130ce8150b.php 第 83 行.
NOTIC: [8] Use of undefined constant parent_id - assumed 'parent_id' D:\phpStudy\WWW\shop\Runtime\Cache\Home\53b5a84b0e026243ce0240130ce8150b.php 第 83 行.
INFO: Run Behavior\ParseTemplateBehavior [ RunTime:0.040002s ]
INFO: [ view_parse ] --END-- [ RunTime:0.040002s ]
INFO: [ view_filter ] --START--
INFO: Run Behavior\WriteHtmlCacheBehavior [ RunTime:0.001000s ]
INFO: [ view_filter ] --END-- [ RunTime:0.001000s ]
INFO: [ app_end ] --START--
INFO: Run Behavior\ShowPageTraceBehavior [ RunTime:0.002000s ]
INFO: [ app_end ] --END-- [ RunTime:0.002000s ]

[ 2016-11-11T23:42:51+08:00 ] 127.0.0.1 /index.php/Home/Cat/cat/cat_id/2.html
INFO: [ app_init ] --START--
INFO: Run Behavior\BuildLiteBehavior [ RunTime:0.000000s ]
INFO: [ app_init ] --END-- [ RunTime:0.000000s ]
INFO: [ app_begin ] --START--
INFO: Run Behavior\ReadHtmlCacheBehavior [ RunTime:0.001000s ]
INFO: [ app_begin ] --END-- [ RunTime:0.001000s ]
SQL: SHOW COLUMNS FROM `goods` [ RunTime:0.0140s ]
SQL: SELECT COUNT(*) AS tp_count FROM `goods` WHERE ( cat_id=2 ) LIMIT 1   [ RunTime:0.0010s ]
SQL: SELECT * FROM `goods` WHERE ( cat_id=2 ) LIMIT 0,6   [ RunTime:0.0010s ]
SQL: SHOW COLUMNS FROM `cat` [ RunTime:0.0130s ]
SQL: SELECT * FROM `cat`  [ RunTime:0.0000s ]
SQL: SHOW COLUMNS FROM `goods` [ RunTime:0.0130s ]
SQL: SELECT * FROM `goods` WHERE ( is_on_sale ) ORDER BY click_count desc LIMIT 7   [ RunTime:0.0010s ]
NOTIC: [2] array_reverse() expects parameter 1 to be array, null given D:\phpStudy\WWW\shop\Home\Controller\CatController.class.php 第 35 行.
INFO: [ view_parse ] --START--
INFO: [ template_filter ] --START--
INFO: Run Behavior\ContentReplaceBehavior [ RunTime:0.001000s ]
INFO: [ template_filter ] --END-- [ RunTime:0.001000s ]
INFO: Run Behavior\ParseTemplateBehavior [ RunTime:0.024001s ]
INFO: [ view_parse ] --END-- [ RunTime:0.024001s ]
INFO: [ view_filter ] --START--
INFO: Run Behavior\WriteHtmlCacheBehavior [ RunTime:0.000000s ]
INFO: [ view_filter ] --END-- [ RunTime:0.000000s ]
INFO: [ app_end ] --START--
INFO: Run Behavior\ShowPageTraceBehavior [ RunTime:0.000000s ]
INFO: [ app_end ] --END-- [ RunTime:0.000000s ]

[ 2016-11-11T23:42:51+08:00 ] 127.0.0.1 /index.php/Home/Cat/cat/cat_id/themes/68ecshop_hechafre/Public/Home/images/sdgg.gif
INFO: [ app_init ] --START--
INFO: Run Behavior\BuildLiteBehavior [ RunTime:0.000000s ]
INFO: [ app_init ] --END-- [ RunTime:0.000000s ]

[ 2016-11-11T23:42:51+08:00 ] 127.0.0.1 /index.php/Home/Cat/cat/cat_id/api/cron.php-t=1452023217
INFO: [ app_init ] --START--
INFO: Run Behavior\BuildLiteBehavior [ RunTime:0.000000s ]
INFO: [ app_init ] --END-- [ RunTime:0.001000s ]
INFO: [ app_begin ] --START--
INFO: Run Behavior\ReadHtmlCacheBehavior [ RunTime:0.001000s ]
INFO: [ app_begin ] --END-- [ RunTime:0.001000s ]
SQL: SHOW COLUMNS FROM `goods` [ RunTime:0.0170s ]
ERR: 1054:Unknown column 'api' in 'where clause'
 [ SQL语句 ] : SELECT COUNT(*) AS tp_count FROM `goods` WHERE ( cat_id=api ) LIMIT 1  
ERR: 1054:Unknown column 'api' in 'where clause'
 [ SQL语句 ] : SELECT COUNT(*) AS tp_count FROM `goods` WHERE ( cat_id=api ) LIMIT 1  

[ 2016-11-11T23:42:53+08:00 ] 127.0.0.1 /index.php/Home/Cat/cat/cat_id/2.html
INFO: [ app_init ] --START--
INFO: Run Behavior\BuildLiteBehavior [ RunTime:0.000000s ]
INFO: [ app_init ] --END-- [ RunTime:0.001000s ]
INFO: [ app_begin ] --START--
INFO: Run Behavior\ReadHtmlCacheBehavior [ RunTime:0.001000s ]
INFO: [ app_begin ] --END-- [ RunTime:0.001000s ]
SQL: SHOW COLUMNS FROM `goods` [ RunTime:0.0140s ]
SQL: SELECT COUNT(*) AS tp_count FROM `goods` WHERE ( cat_id=2 ) LIMIT 1   [ RunTime:0.0010s ]
SQL: SELECT * FROM `goods` WHERE ( cat_id=2 ) LIMIT 0,6   [ RunTime:0.0000s ]
SQL: SHOW COLUMNS FROM `cat` [ RunTime:0.0140s ]
SQL: SELECT * FROM `cat`  [ RunTime:0.0000s ]
SQL: SHOW COLUMNS FROM `goods` [ RunTime:0.0140s ]
SQL: SELECT * FROM `goods` WHERE ( is_on_sale ) ORDER BY click_count desc LIMIT 7   [ RunTime:0.0010s ]
NOTIC: [2] array_reverse() expects parameter 1 to be array, null given D:\phpStudy\WWW\shop\Home\Controller\CatController.class.php 第 35 行.
INFO: [ view_parse ] --START--
INFO: [ template_filter ] --START--
INFO: Run Behavior\ContentReplaceBehavior [ RunTime:0.000000s ]
INFO: [ template_filter ] --END-- [ RunTime:0.001000s ]
INFO: Run Behavior\ParseTemplateBehavior [ RunTime:0.022002s ]
INFO: [ view_parse ] --END-- [ RunTime:0.022002s ]
INFO: [ view_filter ] --START--
INFO: Run Behavior\WriteHtmlCacheBehavior [ RunTime:0.001000s ]
INFO: [ view_filter ] --END-- [ RunTime:0.001000s ]
INFO: [ app_end ] --START--
INFO: Run Behavior\ShowPageTraceBehavior [ RunTime:0.001000s ]
INFO: [ app_end ] --END-- [ RunTime:0.001000s ]

[ 2016-11-11T23:42:53+08:00 ] 127.0.0.1 /index.php/Home/Cat/cat/cat_id/2.html
INFO: [ app_init ] --START--
INFO: Run Behavior\BuildLiteBehavior [ RunTime:0.000000s ]
INFO: [ app_init ] --END-- [ RunTime:0.001000s ]
INFO: [ app_begin ] --START--
INFO: Run Behavior\ReadHtmlCacheBehavior [ RunTime:0.001000s ]
INFO: [ app_begin ] --END-- [ RunTime:0.001000s ]
SQL: SHOW COLUMNS FROM `goods` [ RunTime:0.0130s ]
SQL: SELECT COUNT(*) AS tp_count FROM `goods` WHERE ( cat_id=2 ) LIMIT 1   [ RunTime:0.0000s ]
SQL: SELECT * FROM `goods` WHERE ( cat_id=2 ) LIMIT 0,6   [ RunTime:0.0010s ]
SQL: SHOW COLUMNS FROM `cat` [ RunTime:0.0130s ]
SQL: SELECT * FROM `cat`  [ RunTime:0.0000s ]
SQL: SHOW COLUMNS FROM `goods` [ RunTime:0.0130s ]
SQL: SELECT * FROM `goods` WHERE ( is_on_sale ) ORDER BY click_count desc LIMIT 7   [ RunTime:0.0000s ]
NOTIC: [2] array_reverse() expects parameter 1 to be array, null given D:\phpStudy\WWW\shop\Home\Controller\CatController.class.php 第 35 行.
INFO: [ view_parse ] --START--
INFO: [ template_filter ] --START--
INFO: Run Behavior\ContentReplaceBehavior [ RunTime:0.000000s ]
INFO: [ template_filter ] --END-- [ RunTime:0.000000s ]
INFO: Run Behavior\ParseTemplateBehavior [ RunTime:0.023001s ]
INFO: [ view_parse ] --END-- [ RunTime:0.023001s ]
INFO: [ view_filter ] --START--
INFO: Run Behavior\WriteHtmlCacheBehavior [ RunTime:0.000000s ]
INFO: [ view_filter ] --END-- [ RunTime:0.000000s ]
INFO: [ app_end ] --START--
INFO: Run Behavior\ShowPageTraceBehavior [ RunTime:0.000000s ]
INFO: [ app_end ] --END-- [ RunTime:0.001000s ]

[ 2016-11-11T23:42:56+08:00 ] 127.0.0.1 /index.php/Home/Cat/cat/cat_id/5.html
INFO: [ app_init ] --START--
INFO: Run Behavior\BuildLiteBehavior [ RunTime:0.000000s ]
INFO: [ app_init ] --END-- [ RunTime:0.001000s ]
INFO: [ app_begin ] --START--
INFO: Run Behavior\ReadHtmlCacheBehavior [ RunTime:0.001000s ]
INFO: [ app_begin ] --END-- [ RunTime:0.001000s ]
SQL: SHOW COLUMNS FROM `goods` [ RunTime:0.0130s ]
SQL: SELECT COUNT(*) AS tp_count FROM `goods` WHERE ( cat_id=5 ) LIMIT 1   [ RunTime:0.0000s ]
SQL: SELECT * FROM `goods` WHERE ( cat_id=5 ) LIMIT 0,6   [ RunTime:0.0010s ]
SQL: SHOW COLUMNS FROM `cat` [ RunTime:0.0130s ]
SQL: SELECT * FROM `cat`  [ RunTime:0.0010s ]
SQL: SHOW COLUMNS FROM `goods` [ RunTime:0.0130s ]
SQL: SELECT * FROM `goods` WHERE ( is_on_sale ) ORDER BY click_count desc LIMIT 7   [ RunTime:0.0000s ]
NOTIC: [2] array_reverse() expects parameter 1 to be array, null given D:\phpStudy\WWW\shop\Home\Controller\CatController.class.php 第 35 行.
INFO: [ view_parse ] --START--
INFO: [ template_filter ] --START--
INFO: Run Behavior\ContentReplaceBehavior [ RunTime:0.000000s ]
INFO: [ template_filter ] --END-- [ RunTime:0.000000s ]
INFO: Run Behavior\ParseTemplateBehavior [ RunTime:0.022001s ]
INFO: [ view_parse ] --END-- [ RunTime:0.022001s ]
INFO: [ view_filter ] --START--
INFO: Run Behavior\WriteHtmlCacheBehavior [ RunTime:0.001000s ]
INFO: [ view_filter ] --END-- [ RunTime:0.001000s ]
INFO: [ app_end ] --START--
INFO: Run Behavior\ShowPageTraceBehavior [ RunTime:0.001000s ]
INFO: [ app_end ] --END-- [ RunTime:0.001000s ]

[ 2016-11-11T23:42:56+08:00 ] 127.0.0.1 /index.php/Home/Cat/cat/cat_id/images/201501/goods_img/33_G_1421103122720.jpg
INFO: [ app_init ] --START--
INFO: Run Behavior\BuildLiteBehavior [ RunTime:0.000000s ]
INFO: [ app_init ] --END-- [ RunTime:0.001000s ]

[ 2016-11-11T23:42:56+08:00 ] 127.0.0.1 /index.php/Home/Cat/cat/cat_id/themes/68ecshop_hechafre/Public/Home/images/sdgg.gif
INFO: [ app_init ] --START--
INFO: Run Behavior\BuildLiteBehavior [ RunTime:0.000000s ]
INFO: [ app_init ] --END-- [ RunTime:0.001000s ]

[ 2016-11-11T23:42:56+08:00 ] 127.0.0.1 /index.php/Home/Cat/cat/cat_id/api/cron.php-t=1452023217
INFO: [ app_init ] --START--
INFO: Run Behavior\BuildLiteBehavior [ RunTime:0.000000s ]
INFO: [ app_init ] --END-- [ RunTime:0.001000s ]
INFO: [ app_begin ] --START--
INFO: Run Behavior\ReadHtmlCacheBehavior [ RunTime:0.001000s ]
INFO: [ app_begin ] --END-- [ RunTime:0.001000s ]
SQL: SHOW COLUMNS FROM `goods` [ RunTime:0.0130s ]
ERR: 1054:Unknown column 'api' in 'where clause'
 [ SQL语句 ] : SELECT COUNT(*) AS tp_count FROM `goods` WHERE ( cat_id=api ) LIMIT 1  
ERR: 1054:Unknown column 'api' in 'where clause'
 [ SQL语句 ] : SELECT COUNT(*) AS tp_count FROM `goods` WHERE ( cat_id=api ) LIMIT 1  

[ 2016-11-11T23:42:56+08:00 ] 127.0.0.1 /index.php/Home/Cat/cat/cat_id/5.html
INFO: [ app_init ] --START--
INFO: Run Behavior\BuildLiteBehavior [ RunTime:0.000000s ]
INFO: [ app_init ] --END-- [ RunTime:0.001000s ]
INFO: [ app_begin ] --START--
INFO: Run Behavior\ReadHtmlCacheBehavior [ RunTime:0.001000s ]
INFO: [ app_begin ] --END-- [ RunTime:0.001000s ]
SQL: SHOW COLUMNS FROM `goods` [ RunTime:0.0140s ]
SQL: SELECT COUNT(*) AS tp_count FROM `goods` WHERE ( cat_id=5 ) LIMIT 1   [ RunTime:0.0010s ]
SQL: SELECT * FROM `goods` WHERE ( cat_id=5 ) LIMIT 0,6   [ RunTime:0.0000s ]
SQL: SHOW COLUMNS FROM `cat` [ RunTime:0.0130s ]
SQL: SELECT * FROM `cat`  [ RunTime:0.0000s ]
SQL: SHOW COLUMNS FROM `goods` [ RunTime:0.0130s ]
SQL: SELECT * FROM `goods` WHERE ( is_on_sale ) ORDER BY click_count desc LIMIT 7   [ RunTime:0.0000s ]
NOTIC: [2] array_reverse() expects parameter 1 to be array, null given D:\phpStudy\WWW\shop\Home\Controller\CatController.class.php 第 35 行.
INFO: [ view_parse ] --START--
INFO: [ template_filter ] --START--
INFO: Run Behavior\ContentReplaceBehavior [ RunTime:0.000000s ]
INFO: [ template_filter ] --END-- [ RunTime:0.001001s ]
INFO: Run Behavior\ParseTemplateBehavior [ RunTime:0.022001s ]
INFO: [ view_parse ] --END-- [ RunTime:0.022001s ]
INFO: [ view_filter ] --START--
INFO: Run Behavior\WriteHtmlCacheBehavior [ RunTime:0.001000s ]
INFO: [ view_filter ] --END-- [ RunTime:0.001000s ]
INFO: [ app_end ] --START--
INFO: Run Behavior\ShowPageTraceBehavior [ RunTime:0.001000s ]
INFO: [ app_end ] --END-- [ RunTime:0.001000s ]

[ 2016-11-11T23:42:57+08:00 ] 127.0.0.1 /index.php/Home/Cat/cat/cat_id/5.html
INFO: [ app_init ] --START--
INFO: Run Behavior\BuildLiteBehavior [ RunTime:0.000000s ]
INFO: [ app_init ] --END-- [ RunTime:0.001000s ]
INFO: [ app_begin ] --START--
INFO: Run Behavior\ReadHtmlCacheBehavior [ RunTime:0.000000s ]
INFO: [ app_begin ] --END-- [ RunTime:0.000000s ]
SQL: SHOW COLUMNS FROM `goods` [ RunTime:0.0130s ]
SQL: SELECT COUNT(*) AS tp_count FROM `goods` WHERE ( cat_id=5 ) LIMIT 1   [ RunTime:0.0000s ]
SQL: SELECT * FROM `goods` WHERE ( cat_id=5 ) LIMIT 0,6   [ RunTime:0.0010s ]
SQL: SHOW COLUMNS FROM `cat` [ RunTime:0.0130s ]
SQL: SELECT * FROM `cat`  [ RunTime:0.0010s ]
SQL: SHOW COLUMNS FROM `goods` [ RunTime:0.0130s ]
SQL: SELECT * FROM `goods` WHERE ( is_on_sale ) ORDER BY click_count desc LIMIT 7   [ RunTime:0.0010s ]
NOTIC: [2] array_reverse() expects parameter 1 to be array, null given D:\phpStudy\WWW\shop\Home\Controller\CatController.class.php 第 35 行.
INFO: [ view_parse ] --START--
INFO: [ template_filter ] --START--
INFO: Run Behavior\ContentReplaceBehavior [ RunTime:0.000000s ]
INFO: [ template_filter ] --END-- [ RunTime:0.000000s ]
INFO: Run Behavior\ParseTemplateBehavior [ RunTime:0.023002s ]
INFO: [ view_parse ] --END-- [ RunTime:0.023002s ]
INFO: [ view_filter ] --START--
INFO: Run Behavior\WriteHtmlCacheBehavior [ RunTime:0.000000s ]
INFO: [ view_filter ] --END-- [ RunTime:0.000000s ]
INFO: [ app_end ] --START--
INFO: Run Behavior\ShowPageTraceBehavior [ RunTime:0.001000s ]
INFO: [ app_end ] --END-- [ RunTime:0.001000s ]

[ 2016-11-11T23:42:58+08:00 ] 127.0.0.1 /index.php/Home/Cat/cat/cat_id/3.html
INFO: [ app_init ] --START--
INFO: Run Behavior\BuildLiteBehavior [ RunTime:0.000000s ]
INFO: [ app_init ] --END-- [ RunTime:0.000000s ]
INFO: [ app_begin ] --START--
INFO: Run Behavior\ReadHtmlCacheBehavior [ RunTime:0.001000s ]
INFO: [ app_begin ] --END-- [ RunTime:0.001000s ]
SQL: SHOW COLUMNS FROM `goods` [ RunTime:0.0130s ]
SQL: SELECT COUNT(*) AS tp_count FROM `goods` WHERE ( cat_id=3 ) LIMIT 1   [ RunTime:0.0000s ]
SQL: SELECT * FROM `goods` WHERE ( cat_id=3 ) LIMIT 0,6   [ RunTime:0.0000s ]
SQL: SHOW COLUMNS FROM `cat` [ RunTime:0.0130s ]
SQL: SELECT * FROM `cat`  [ RunTime:0.0000s ]
SQL: SHOW COLUMNS FROM `goods` [ RunTime:0.0130s ]
SQL: SELECT * FROM `goods` WHERE ( is_on_sale ) ORDER BY click_count desc LIMIT 7   [ RunTime:0.0000s ]
NOTIC: [2] array_reverse() expects parameter 1 to be array, null given D:\phpStudy\WWW\shop\Home\Controller\CatController.class.php 第 35 行.
INFO: [ view_parse ] --START--
INFO: [ template_filter ] --START--
INFO: Run Behavior\ContentReplaceBehavior [ RunTime:0.000000s ]
INFO: [ template_filter ] --END-- [ RunTime:0.000000s ]
INFO: Run Behavior\ParseTemplateBehavior [ RunTime:0.022001s ]
INFO: [ view_parse ] --END-- [ RunTime:0.022001s ]
INFO: [ view_filter ] --START--
INFO: Run Behavior\WriteHtmlCacheBehavior [ RunTime:0.000000s ]
INFO: [ view_filter ] --END-- [ RunTime:0.001000s ]
INFO: [ app_end ] --START--
INFO: Run Behavior\ShowPageTraceBehavior [ RunTime:0.000000s ]
INFO: [ app_end ] --END-- [ RunTime:0.001000s ]

[ 2016-11-11T23:42:58+08:00 ] 127.0.0.1 /index.php/Home/Cat/cat/cat_id/themes/68ecshop_hechafre/Public/Home/images/sdgg.gif
INFO: [ app_init ] --START--
INFO: Run Behavior\BuildLiteBehavior [ RunTime:0.000000s ]
INFO: [ app_init ] --END-- [ RunTime:0.000000s ]

[ 2016-11-11T23:42:58+08:00 ] 127.0.0.1 /index.php/Home/Cat/cat/cat_id/api/cron.php-t=1452023217
INFO: [ app_init ] --START--
INFO: Run Behavior\BuildLiteBehavior [ RunTime:0.000000s ]
INFO: [ app_init ] --END-- [ RunTime:0.001000s ]
INFO: [ app_begin ] --START--
INFO: Run Behavior\ReadHtmlCacheBehavior [ RunTime:0.001001s ]
INFO: [ app_begin ] --END-- [ RunTime:0.001001s ]
SQL: SHOW COLUMNS FROM `goods` [ RunTime:0.0150s ]
ERR: 1054:Unknown column 'api' in 'where clause'
 [ SQL语句 ] : SELECT COUNT(*) AS tp_count FROM `goods` WHERE ( cat_id=api ) LIMIT 1  
ERR: 1054:Unknown column 'api' in 'where clause'
 [ SQL语句 ] : SELECT COUNT(*) AS tp_count FROM `goods` WHERE ( cat_id=api ) LIMIT 1  

[ 2016-11-11T23:42:58+08:00 ] 127.0.0.1 /index.php/Home/Cat/cat/cat_id/3.html
INFO: [ app_init ] --START--
INFO: Run Behavior\BuildLiteBehavior [ RunTime:0.000000s ]
INFO: [ app_init ] --END-- [ RunTime:0.000000s ]
INFO: [ app_begin ] --START--
INFO: Run Behavior\ReadHtmlCacheBehavior [ RunTime:0.000000s ]
INFO: [ app_begin ] --END-- [ RunTime:0.000000s ]
SQL: SHOW COLUMNS FROM `goods` [ RunTime:0.0130s ]
SQL: SELECT COUNT(*) AS tp_count FROM `goods` WHERE ( cat_id=3 ) LIMIT 1   [ RunTime:0.0000s ]
SQL: SELECT * FROM `goods` WHERE ( cat_id=3 ) LIMIT 0,6   [ RunTime:0.0000s ]
SQL: SHOW COLUMNS FROM `cat` [ RunTime:0.0130s ]
SQL: SELECT * FROM `cat`  [ RunTime:0.0000s ]
SQL: SHOW COLUMNS FROM `goods` [ RunTime:0.0130s ]
SQL: SELECT * FROM `goods` WHERE ( is_on_sale ) ORDER BY click_count desc LIMIT 7   [ RunTime:0.0010s ]
NOTIC: [2] array_reverse() expects parameter 1 to be array, null given D:\phpStudy\WWW\shop\Home\Controller\CatController.class.php 第 35 行.
INFO: [ view_parse ] --START--
INFO: [ template_filter ] --START--
INFO: Run Behavior\ContentReplaceBehavior [ RunTime:0.000000s ]
INFO: [ template_filter ] --END-- [ RunTime:0.000000s ]
INFO: Run Behavior\ParseTemplateBehavior [ RunTime:0.029001s ]
INFO: [ view_parse ] --END-- [ RunTime:0.029001s ]
INFO: [ view_filter ] --START--
INFO: Run Behavior\WriteHtmlCacheBehavior [ RunTime:0.000000s ]
INFO: [ view_filter ] --END-- [ RunTime:0.000000s ]
INFO: [ app_end ] --START--
INFO: Run Behavior\ShowPageTraceBehavior [ RunTime:0.001000s ]
INFO: [ app_end ] --END-- [ RunTime:0.001000s ]

[ 2016-11-11T23:42:58+08:00 ] 127.0.0.1 /index.php/Home/Cat/cat/cat_id/3.html
INFO: [ app_init ] --START--
INFO: Run Behavior\BuildLiteBehavior [ RunTime:0.000000s ]
INFO: [ app_init ] --END-- [ RunTime:0.001000s ]
INFO: [ app_begin ] --START--
INFO: Run Behavior\ReadHtmlCacheBehavior [ RunTime:0.001000s ]
INFO: [ app_begin ] --END-- [ RunTime:0.001000s ]
SQL: SHOW COLUMNS FROM `goods` [ RunTime:0.0140s ]
SQL: SELECT COUNT(*) AS tp_count FROM `goods` WHERE ( cat_id=3 ) LIMIT 1   [ RunTime:0.0010s ]
SQL: SELECT * FROM `goods` WHERE ( cat_id=3 ) LIMIT 0,6   [ RunTime:0.0010s ]
SQL: SHOW COLUMNS FROM `cat` [ RunTime:0.0120s ]
SQL: SELECT * FROM `cat`  [ RunTime:0.0000s ]
SQL: SHOW COLUMNS FROM `goods` [ RunTime:0.0130s ]
SQL: SELECT * FROM `goods` WHERE ( is_on_sale ) ORDER BY click_count desc LIMIT 7   [ RunTime:0.0010s ]
NOTIC: [2] array_reverse() expects parameter 1 to be array, null given D:\phpStudy\WWW\shop\Home\Controller\CatController.class.php 第 35 行.
INFO: [ view_parse ] --START--
INFO: [ template_filter ] --START--
INFO: Run Behavior\ContentReplaceBehavior [ RunTime:0.001000s ]
INFO: [ template_filter ] --END-- [ RunTime:0.001000s ]
INFO: Run Behavior\ParseTemplateBehavior [ RunTime:0.023002s ]
INFO: [ view_parse ] --END-- [ RunTime:0.024002s ]
INFO: [ view_filter ] --START--
INFO: Run Behavior\WriteHtmlCacheBehavior [ RunTime:0.000000s ]
INFO: [ view_filter ] --END-- [ RunTime:0.000000s ]
INFO: [ app_end ] --START--
INFO: Run Behavior\ShowPageTraceBehavior [ RunTime:0.001000s ]
INFO: [ app_end ] --END-- [ RunTime:0.001000s ]

[ 2016-11-11T23:43:00+08:00 ] 127.0.0.1 /index.php/Home/Cat/cat/cat_id/3/p/2.html
INFO: [ app_init ] --START--
INFO: Run Behavior\BuildLiteBehavior [ RunTime:0.000000s ]
INFO: [ app_init ] --END-- [ RunTime:0.000000s ]
INFO: [ app_begin ] --START--
INFO: Run Behavior\ReadHtmlCacheBehavior [ RunTime:0.001000s ]
INFO: [ app_begin ] --END-- [ RunTime:0.001000s ]
SQL: SHOW COLUMNS FROM `goods` [ RunTime:0.0140s ]
SQL: SELECT COUNT(*) AS tp_count FROM `goods` WHERE ( cat_id=3 ) LIMIT 1   [ RunTime:0.0010s ]
SQL: SELECT * FROM `goods` WHERE ( cat_id=3 ) LIMIT 6,6   [ RunTime:0.0000s ]
SQL: SHOW COLUMNS FROM `cat` [ RunTime:0.0120s ]
SQL: SELECT * FROM `cat`  [ RunTime:0.0010s ]
SQL: SHOW COLUMNS FROM `goods` [ RunTime:0.0140s ]
SQL: SELECT * FROM `goods` WHERE ( is_on_sale ) ORDER BY click_count desc LIMIT 7   [ RunTime:0.0010s ]
NOTIC: [2] array_reverse() expects parameter 1 to be array, null given D:\phpStudy\WWW\shop\Home\Controller\CatController.class.php 第 35 行.
INFO: [ view_parse ] --START--
INFO: [ template_filter ] --START--
INFO: Run Behavior\ContentReplaceBehavior [ RunTime:0.001000s ]
INFO: [ template_filter ] --END-- [ RunTime:0.001000s ]
INFO: Run Behavior\ParseTemplateBehavior [ RunTime:0.023001s ]
INFO: [ view_parse ] --END-- [ RunTime:0.023001s ]
INFO: [ view_filter ] --START--
INFO: Run Behavior\WriteHtmlCacheBehavior [ RunTime:0.000000s ]
INFO: [ view_filter ] --END-- [ RunTime:0.000000s ]
INFO: [ app_end ] --START--
INFO: Run Behavior\ShowPageTraceBehavior [ RunTime:0.001000s ]
INFO: [ app_end ] --END-- [ RunTime:0.001000s ]

[ 2016-11-11T23:43:00+08:00 ] 127.0.0.1 /index.php/Home/Cat/cat/cat_id/3/p/themes/68ecshop_hechafre/Public/Home/images/sdgg.gif
INFO: [ app_init ] --START--
INFO: Run Behavior\BuildLiteBehavior [ RunTime:0.000000s ]
INFO: [ app_init ] --END-- [ RunTime:0.001000s ]

[ 2016-11-11T23:43:00+08:00 ] 127.0.0.1 /index.php/Home/Cat/cat/cat_id/3/p/api/cron.php-t=1452023217
INFO: [ app_init ] --START--
INFO: Run Behavior\BuildLiteBehavior [ RunTime:0.000000s ]
INFO: [ app_init ] --END-- [ RunTime:0.001000s ]
INFO: [ app_begin ] --START--
INFO: Run Behavior\ReadHtmlCacheBehavior [ RunTime:0.001000s ]
INFO: [ app_begin ] --END-- [ RunTime:0.001000s ]
SQL: SHOW COLUMNS FROM `goods` [ RunTime:0.0140s ]
SQL: SELECT COUNT(*) AS tp_count FROM `goods` WHERE ( cat_id=3 ) LIMIT 1   [ RunTime:0.0010s ]
SQL: SELECT * FROM `goods` WHERE ( cat_id=3 ) LIMIT 0,6   [ RunTime:0.0010s ]
SQL: SHOW COLUMNS FROM `cat` [ RunTime:0.0130s ]
SQL: SELECT * FROM `cat`  [ RunTime:0.0000s ]
SQL: SHOW COLUMNS FROM `goods` [ RunTime:0.0130s ]
SQL: SELECT * FROM `goods` WHERE ( is_on_sale ) ORDER BY click_count desc LIMIT 7   [ RunTime:0.0010s ]
NOTIC: [2] array_reverse() expects parameter 1 to be array, null given D:\phpStudy\WWW\shop\Home\Controller\CatController.class.php 第 35 行.
INFO: [ view_parse ] --START--
INFO: [ template_filter ] --START--
INFO: Run Behavior\ContentReplaceBehavior [ RunTime:0.000000s ]
INFO: [ template_filter ] --END-- [ RunTime:0.000000s ]
INFO: Run Behavior\ParseTemplateBehavior [ RunTime:0.023001s ]
INFO: [ view_parse ] --END-- [ RunTime:0.023001s ]
INFO: [ view_filter ] --START--
INFO: Run Behavior\WriteHtmlCacheBehavior [ RunTime:0.001000s ]
INFO: [ view_filter ] --END-- [ RunTime:0.001000s ]
INFO: [ app_end ] --START--
INFO: Run Behavior\ShowPageTraceBehavior [ RunTime:0.001000s ]
INFO: [ app_end ] --END-- [ RunTime:0.001000s ]

[ 2016-11-11T23:43:00+08:00 ] 127.0.0.1 /index.php/Home/Cat/cat/cat_id/3/p/2.html
INFO: [ app_init ] --START--
INFO: Run Behavior\BuildLiteBehavior [ RunTime:0.000000s ]
INFO: [ app_init ] --END-- [ RunTime:0.000000s ]
INFO: [ app_begin ] --START--
INFO: Run Behavior\ReadHtmlCacheBehavior [ RunTime:0.000000s ]
INFO: [ app_begin ] --END-- [ RunTime:0.001000s ]
SQL: SHOW COLUMNS FROM `goods` [ RunTime:0.0140s ]
SQL: SELECT COUNT(*) AS tp_count FROM `goods` WHERE ( cat_id=3 ) LIMIT 1   [ RunTime:0.0000s ]
SQL: SELECT * FROM `goods` WHERE ( cat_id=3 ) LIMIT 6,6   [ RunTime:0.0000s ]
SQL: SHOW COLUMNS FROM `cat` [ RunTime:0.0130s ]
SQL: SELECT * FROM `cat`  [ RunTime:0.0000s ]
SQL: SHOW COLUMNS FROM `goods` [ RunTime:0.0130s ]
SQL: SELECT * FROM `goods` WHERE ( is_on_sale ) ORDER BY click_count desc LIMIT 7   [ RunTime:0.0000s ]
NOTIC: [2] array_reverse() expects parameter 1 to be array, null given D:\phpStudy\WWW\shop\Home\Controller\CatController.class.php 第 35 行.
INFO: [ view_parse ] --START--
INFO: [ template_filter ] --START--
INFO: Run Behavior\ContentReplaceBehavior [ RunTime:0.000000s ]
INFO: [ template_filter ] --END-- [ RunTime:0.000000s ]
INFO: Run Behavior\ParseTemplateBehavior [ RunTime:0.022002s ]
INFO: [ view_parse ] --END-- [ RunTime:0.022002s ]
INFO: [ view_filter ] --START--
INFO: Run Behavior\WriteHtmlCacheBehavior [ RunTime:0.000000s ]
INFO: [ view_filter ] --END-- [ RunTime:0.000000s ]
INFO: [ app_end ] --START--
INFO: Run Behavior\ShowPageTraceBehavior [ RunTime:0.000000s ]
INFO: [ app_end ] --END-- [ RunTime:0.000000s ]

[ 2016-11-11T23:43:00+08:00 ] 127.0.0.1 /index.php/Home/Cat/cat/cat_id/3/p/2.html
INFO: [ app_init ] --START--
INFO: Run Behavior\BuildLiteBehavior [ RunTime:0.000000s ]
INFO: [ app_init ] --END-- [ RunTime:0.001000s ]
INFO: [ app_begin ] --START--
INFO: Run Behavior\ReadHtmlCacheBehavior [ RunTime:0.001000s ]
INFO: [ app_begin ] --END-- [ RunTime:0.001000s ]
SQL: SHOW COLUMNS FROM `goods` [ RunTime:0.0130s ]
SQL: SELECT COUNT(*) AS tp_count FROM `goods` WHERE ( cat_id=3 ) LIMIT 1   [ RunTime:0.0010s ]
SQL: SELECT * FROM `goods` WHERE ( cat_id=3 ) LIMIT 6,6   [ RunTime:0.0010s ]
SQL: SHOW COLUMNS FROM `cat` [ RunTime:0.0120s ]
SQL: SELECT * FROM `cat`  [ RunTime:0.0010s ]
SQL: SHOW COLUMNS FROM `goods` [ RunTime:0.0130s ]
SQL: SELECT * FROM `goods` WHERE ( is_on_sale ) ORDER BY click_count desc LIMIT 7   [ RunTime:0.0010s ]
NOTIC: [2] array_reverse() expects parameter 1 to be array, null given D:\phpStudy\WWW\shop\Home\Controller\CatController.class.php 第 35 行.
INFO: [ view_parse ] --START--
INFO: [ template_filter ] --START--
INFO: Run Behavior\ContentReplaceBehavior [ RunTime:0.000000s ]
INFO: [ template_filter ] --END-- [ RunTime:0.000000s ]
INFO: Run Behavior\ParseTemplateBehavior [ RunTime:0.022002s ]
INFO: [ view_parse ] --END-- [ RunTime:0.022002s ]
INFO: [ view_filter ] --START--
INFO: Run Behavior\WriteHtmlCacheBehavior [ RunTime:0.001000s ]
INFO: [ view_filter ] --END-- [ RunTime:0.001000s ]
INFO: [ app_end ] --START--
INFO: Run Behavior\ShowPageTraceBehavior [ RunTime:0.001000s ]
INFO: [ app_end ] --END-- [ RunTime:0.001000s ]

[ 2016-11-11T23:43:02+08:00 ] 127.0.0.1 /index.php/Home/Cat/cat/cat_id/3/p/3.html
INFO: [ app_init ] --START--
INFO: Run Behavior\BuildLiteBehavior [ RunTime:0.000000s ]
INFO: [ app_init ] --END-- [ RunTime:0.000000s ]
INFO: [ app_begin ] --START--
INFO: Run Behavior\ReadHtmlCacheBehavior [ RunTime:0.001000s ]
INFO: [ app_begin ] --END-- [ RunTime:0.001000s ]
SQL: SHOW COLUMNS FROM `goods` [ RunTime:0.0130s ]
SQL: SELECT COUNT(*) AS tp_count FROM `goods` WHERE ( cat_id=3 ) LIMIT 1   [ RunTime:0.0010s ]
SQL: SELECT * FROM `goods` WHERE ( cat_id=3 ) LIMIT 12,6   [ RunTime:0.0010s ]
SQL: SHOW COLUMNS FROM `cat` [ RunTime:0.0130s ]
SQL: SELECT * FROM `cat`  [ RunTime:0.0010s ]
SQL: SHOW COLUMNS FROM `goods` [ RunTime:0.0130s ]
SQL: SELECT * FROM `goods` WHERE ( is_on_sale ) ORDER BY click_count desc LIMIT 7   [ RunTime:0.0000s ]
NOTIC: [2] array_reverse() expects parameter 1 to be array, null given D:\phpStudy\WWW\shop\Home\Controller\CatController.class.php 第 35 行.
INFO: [ view_parse ] --START--
INFO: [ template_filter ] --START--
INFO: Run Behavior\ContentReplaceBehavior [ RunTime:0.000000s ]
INFO: [ template_filter ] --END-- [ RunTime:0.000000s ]
INFO: Run Behavior\ParseTemplateBehavior [ RunTime:0.022001s ]
INFO: [ view_parse ] --END-- [ RunTime:0.022001s ]
INFO: [ view_filter ] --START--
INFO: Run Behavior\WriteHtmlCacheBehavior [ RunTime:0.001000s ]
INFO: [ view_filter ] --END-- [ RunTime:0.001000s ]
INFO: [ app_end ] --START--
INFO: Run Behavior\ShowPageTraceBehavior [ RunTime:0.001000s ]
INFO: [ app_end ] --END-- [ RunTime:0.001000s ]

[ 2016-11-11T23:43:02+08:00 ] 127.0.0.1 /index.php/Home/Cat/cat/cat_id/3/p/themes/68ecshop_hechafre/Public/Home/images/sdgg.gif
INFO: [ app_init ] --START--
INFO: Run Behavior\BuildLiteBehavior [ RunTime:0.000000s ]
INFO: [ app_init ] --END-- [ RunTime:0.001000s ]

[ 2016-11-11T23:43:02+08:00 ] 127.0.0.1 /index.php/Home/Cat/cat/cat_id/3/p/api/cron.php-t=1452023217
INFO: [ app_init ] --START--
INFO: Run Behavior\BuildLiteBehavior [ RunTime:0.000000s ]
INFO: [ app_init ] --END-- [ RunTime:0.001000s ]
INFO: [ app_begin ] --START--
INFO: Run Behavior\ReadHtmlCacheBehavior [ RunTime:0.000000s ]
INFO: [ app_begin ] --END-- [ RunTime:0.000000s ]
SQL: SHOW COLUMNS FROM `goods` [ RunTime:0.0140s ]
SQL: SELECT COUNT(*) AS tp_count FROM `goods` WHERE ( cat_id=3 ) LIMIT 1   [ RunTime:0.0000s ]
SQL: SELECT * FROM `goods` WHERE ( cat_id=3 ) LIMIT 0,6   [ RunTime:0.0010s ]
SQL: SHOW COLUMNS FROM `cat` [ RunTime:0.0130s ]
SQL: SELECT * FROM `cat`  [ RunTime:0.0010s ]
SQL: SHOW COLUMNS FROM `goods` [ RunTime:0.0130s ]
SQL: SELECT * FROM `goods` WHERE ( is_on_sale ) ORDER BY click_count desc LIMIT 7   [ RunTime:0.0000s ]
NOTIC: [2] array_reverse() expects parameter 1 to be array, null given D:\phpStudy\WWW\shop\Home\Controller\CatController.class.php 第 35 行.
INFO: [ view_parse ] --START--
INFO: [ template_filter ] --START--
INFO: Run Behavior\ContentReplaceBehavior [ RunTime:0.000000s ]
INFO: [ template_filter ] --END-- [ RunTime:0.000000s ]
INFO: Run Behavior\ParseTemplateBehavior [ RunTime:0.024001s ]
INFO: [ view_parse ] --END-- [ RunTime:0.024001s ]
INFO: [ view_filter ] --START--
INFO: Run Behavior\WriteHtmlCacheBehavior [ RunTime:0.001001s ]
INFO: [ view_filter ] --END-- [ RunTime:0.001001s ]
INFO: [ app_end ] --START--
INFO: Run Behavior\ShowPageTraceBehavior [ RunTime:0.001000s ]
INFO: [ app_end ] --END-- [ RunTime:0.001000s ]

[ 2016-11-11T23:43:02+08:00 ] 127.0.0.1 /index.php/Home/Cat/cat/cat_id/3/p/3.html
INFO: [ app_init ] --START--
INFO: Run Behavior\BuildLiteBehavior [ RunTime:0.000000s ]
INFO: [ app_init ] --END-- [ RunTime:0.001000s ]
INFO: [ app_begin ] --START--
INFO: Run Behavior\ReadHtmlCacheBehavior [ RunTime:0.001000s ]
INFO: [ app_begin ] --END-- [ RunTime:0.001000s ]
SQL: SHOW COLUMNS FROM `goods` [ RunTime:0.0130s ]
SQL: SELECT COUNT(*) AS tp_count FROM `goods` WHERE ( cat_id=3 ) LIMIT 1   [ RunTime:0.0000s ]
SQL: SELECT * FROM `goods` WHERE ( cat_id=3 ) LIMIT 12,6   [ RunTime:0.0010s ]
SQL: SHOW COLUMNS FROM `cat` [ RunTime:0.0130s ]
SQL: SELECT * FROM `cat`  [ RunTime:0.0000s ]
SQL: SHOW COLUMNS FROM `goods` [ RunTime:0.0140s ]
SQL: SELECT * FROM `goods` WHERE ( is_on_sale ) ORDER BY click_count desc LIMIT 7   [ RunTime:0.0010s ]
NOTIC: [2] array_reverse() expects parameter 1 to be array, null given D:\phpStudy\WWW\shop\Home\Controller\CatController.class.php 第 35 行.
INFO: [ view_parse ] --START--
INFO: [ template_filter ] --START--
INFO: Run Behavior\ContentReplaceBehavior [ RunTime:0.000000s ]
INFO: [ template_filter ] --END-- [ RunTime:0.000000s ]
INFO: Run Behavior\ParseTemplateBehavior [ RunTime:0.022001s ]
INFO: [ view_parse ] --END-- [ RunTime:0.022001s ]
INFO: [ view_filter ] --START--
INFO: Run Behavior\WriteHtmlCacheBehavior [ RunTime:0.000000s ]
INFO: [ view_filter ] --END-- [ RunTime:0.001000s ]
INFO: [ app_end ] --START--
INFO: Run Behavior\ShowPageTraceBehavior [ RunTime:0.001000s ]
INFO: [ app_end ] --END-- [ RunTime:0.001000s ]

[ 2016-11-11T23:43:03+08:00 ] 127.0.0.1 /index.php/Home/Cat/cat/cat_id/3/p/3.html
INFO: [ app_init ] --START--
INFO: Run Behavior\BuildLiteBehavior [ RunTime:0.000000s ]
INFO: [ app_init ] --END-- [ RunTime:0.001000s ]
INFO: [ app_begin ] --START--
INFO: Run Behavior\ReadHtmlCacheBehavior [ RunTime:0.000000s ]
INFO: [ app_begin ] --END-- [ RunTime:0.001000s ]
SQL: SHOW COLUMNS FROM `goods` [ RunTime:0.0140s ]
SQL: SELECT COUNT(*) AS tp_count FROM `goods` WHERE ( cat_id=3 ) LIMIT 1   [ RunTime:0.0010s ]
SQL: SELECT * FROM `goods` WHERE ( cat_id=3 ) LIMIT 12,6   [ RunTime:0.0010s ]
SQL: SHOW COLUMNS FROM `cat` [ RunTime:0.0130s ]
SQL: SELECT * FROM `cat`  [ RunTime:0.0010s ]
SQL: SHOW COLUMNS FROM `goods` [ RunTime:0.0130s ]
SQL: SELECT * FROM `goods` WHERE ( is_on_sale ) ORDER BY click_count desc LIMIT 7   [ RunTime:0.0010s ]
NOTIC: [2] array_reverse() expects parameter 1 to be array, null given D:\phpStudy\WWW\shop\Home\Controller\CatController.class.php 第 35 行.
INFO: [ view_parse ] --START--
INFO: [ template_filter ] --START--
INFO: Run Behavior\ContentReplaceBehavior [ RunTime:0.001000s ]
INFO: [ template_filter ] --END-- [ RunTime:0.001000s ]
INFO: Run Behavior\ParseTemplateBehavior [ RunTime:0.022001s ]
INFO: [ view_parse ] --END-- [ RunTime:0.022001s ]
INFO: [ view_filter ] --START--
INFO: Run Behavior\WriteHtmlCacheBehavior [ RunTime:0.001000s ]
INFO: [ view_filter ] --END-- [ RunTime:0.001000s ]
INFO: [ app_end ] --START--
INFO: Run Behavior\ShowPageTraceBehavior [ RunTime:0.001000s ]
INFO: [ app_end ] --END-- [ RunTime:0.001000s ]

