[ 2016-10-29T20:06:25+08:00 ] ::1 /shop1/Public/Home/css/images/nav_bg2b.png
INFO: [ app_init ] --START--
INFO: Run Behavior\BuildLiteBehavior [ RunTime:0.000000s ]
INFO: [ app_init ] --END-- [ RunTime:0.001000s ]

[ 2016-10-29T20:06:25+08:00 ] ::1 /shop1/Public/Home/css/images/i.gif
INFO: [ app_init ] --START--
INFO: Run Behavior\BuildLiteBehavior [ RunTime:0.000000s ]
INFO: [ app_init ] --END-- [ RunTime:0.000000s ]

[ 2016-10-29T20:06:26+08:00 ] ::1 /shop1/Public/Home/css/images/nav_bg2b.png
INFO: [ app_init ] --START--
INFO: Run Behavior\BuildLiteBehavior [ RunTime:0.000000s ]
INFO: [ app_init ] --END-- [ RunTime:0.001000s ]

[ 2016-10-29T20:06:26+08:00 ] ::1 /shop1/Public/Home/css/images/bg.png
INFO: [ app_init ] --START--
INFO: Run Behavior\BuildLiteBehavior [ RunTime:0.000000s ]
INFO: [ app_init ] --END-- [ RunTime:0.000000s ]

[ 2016-10-29T20:06:26+08:00 ] ::1 /shop1/Public/Home/css/images/ico_tel.gif
INFO: [ app_init ] --START--
INFO: Run Behavior\BuildLiteBehavior [ RunTime:0.000000s ]
INFO: [ app_init ] --END-- [ RunTime:0.001000s ]

[ 2016-10-29T20:06:26+08:00 ] ::1 /shop1/Public/Home/css/images/bg.gif
INFO: [ app_init ] --START--
INFO: Run Behavior\BuildLiteBehavior [ RunTime:0.000000s ]
INFO: [ app_init ] --END-- [ RunTime:0.001000s ]

[ 2016-10-29T20:06:26+08:00 ] ::1 /shop1/Public/Home/css/images/sdgg.gif
INFO: [ app_init ] --START--
INFO: Run Behavior\BuildLiteBehavior [ RunTime:0.000000s ]
INFO: [ app_init ] --END-- [ RunTime:0.001000s ]

